#
# There is insufficient memory for the Java Runtime Environment to continue.
# Native memory allocation (mmap) failed to map 266338304 bytes. Error detail: G1 virtual space
# Possible reasons:
#   The system is out of physical RAM or swap space
#   This process is running with CompressedOops enabled, and the Java Heap may be blocking the growth of the native heap
# Possible solutions:
#   Reduce memory load on the system
#   Increase physical memory or swap space
#   Check if swap backing store is full
#   Decrease Java heap size (-Xmx/-Xms)
#   Decrease number of Java threads
#   Decrease Java thread stack sizes (-Xss)
#   Set larger code cache with -XX:ReservedCodeCacheSize=
#   JVM is running with Zero Based Compressed Oops mode in which the Java heap is
#     placed in the first 32GB address space. The Java Heap base address is the
#     maximum limit for the native heap growth. Please use -XX:HeapBaseMinAddress
#     to set the Java Heap base and to place the Java Heap above 32GB virtual address.
# This output file may be truncated or incomplete.
#
#  Out of Memory Error (os_windows.cpp:3616), pid=24860, tid=27472
#
# JRE version:  (21.0.5+11) (build )
# Java VM: OpenJDK 64-Bit Server VM (21.0.5+11-LTS, mixed mode, sharing, tiered, compressed oops, compressed class ptrs, g1 gc, windows-amd64)
# No core dump will be written. Minidumps are not enabled by default on client versions of Windows
#

---------------  S U M M A R Y ------------

Command Line: -Dfile.encoding=UTF-8 -Dstdout.encoding=UTF-8 -Dstderr.encoding=UTF-8 -XX:+ShowCodeDetailsInExceptionMessages CH18.Ex2

Host: Intel(R) Core(TM) i7-8700 CPU @ 3.20GHz, 12 cores, 15G,  Windows 10 , 64 bit Build 19041 (10.0.19041.5438)
Time: Wed Mar 12 15:13:46 2025  Windows 10 , 64 bit Build 19041 (10.0.19041.5438) elapsed time: 0.009407 seconds (0d 0h 0m 0s)

---------------  T H R E A D  ---------------

Current thread (0x000001f6038c2190):  JavaThread "Unknown thread" [_thread_in_vm, id=27472, stack(0x000000a58eb00000,0x000000a58ec00000) (1024K)]

Stack: [0x000000a58eb00000,0x000000a58ec00000]
Native frames: (J=compiled Java code, j=interpreted, Vv=VM code, C=native code)
V  [jvm.dll+0x6cd4e9]
V  [jvm.dll+0x8a7941]
V  [jvm.dll+0x8a9e6e]
V  [jvm.dll+0x8aa543]
V  [jvm.dll+0x27f6d6]
V  [jvm.dll+0x6c9c25]
V  [jvm.dll+0x6be84a]
V  [jvm.dll+0x355c6a]
V  [jvm.dll+0x35d836]
V  [jvm.dll+0x3af40e]
V  [jvm.dll+0x3af6b8]
V  [jvm.dll+0x329dfc]
V  [jvm.dll+0x32a95b]
V  [jvm.dll+0x870ba9]
V  [jvm.dll+0x3bc1e1]
V  [jvm.dll+0x859cd3]
V  [jvm.dll+0x4504ee]
V  [jvm.dll+0x452131]
C  [jli.dll+0x5278]
C  [ucrtbase.dll+0x21bb2]
C  [KERNEL32.DLL+0x17374]
C  [ntdll.dll+0x4cc91]


---------------  P R O C E S S  ---------------

Threads class SMR info:
_java_thread_list=0x00007ffcfeae90c8, length=0, elements={
}

Java Threads: ( => current thread )
Total: 0

Other Threads:
  0x000001f605ba4a50 WorkerThread "GC Thread#0"                     [id=26980, stack(0x000000a58ec00000,0x000000a58ed00000) (1024K)]
  0x000001f605bb5ee0 ConcurrentGCThread "G1 Main Marker"            [id=27460, stack(0x000000a58ed00000,0x000000a58ee00000) (1024K)]
  0x000001f605bb7240 WorkerThread "G1 Conc#0"                       [id=27452, stack(0x000000a58ee00000,0x000000a58ef00000) (1024K)]

[error occurred during error reporting (printing all threads), id 0xc0000005, EXCEPTION_ACCESS_VIOLATION (0xc0000005) at pc=0x00007ffcfe1ec727]
VM state: not at safepoint (not fully initialized)

VM Mutex/Monitor currently owned by a thread:  ([mutex/lock_event])
[0x00007ffcfeb5d480] Heap_lock - owner thread: 0x000001f6038c2190

Heap address: 0x0000000702600000, size: 4058 MB, Compressed Oops mode: Zero based, Oop shift amount: 3

CDS archive(s) mapped at: [0x0000000000000000-0x0000000000000000-0x0000000000000000), size 0, SharedBaseAddress: 0x0000000800000000, ArchiveRelocationMode: 1.
Narrow klass base: 0x0000000000000000, Narrow klass shift: 0, Narrow klass range: 0x0

GC Precious Log:
 CardTable entry size: 512
 Card Set container configuration: InlinePtr #cards 4 size 8 Array Of Cards #cards 16 size 48 Howl #buckets 8 coarsen threshold 3686 Howl Bitmap #cards 512 size 80 coarsen threshold 460 Card regions per heap region 1 cards per card region 4096

Heap:
 garbage-first heap   total 0K, used 0K [0x0000000702600000, 0x0000000800000000)
  region size 2048K, 0 young (0K), 0 survivors (0K)

[error occurred during error reporting (printing heap information), id 0xc0000005, EXCEPTION_ACCESS_VIOLATION (0xc0000005) at pc=0x00007ffcfe5d6f49]
GC Heap History (0 events):
No events

Dll operation events (1 events):
Event: 0.005 Loaded shared library C:\정처산기A 공유\eclipse-jee-2024-12-R-win32-x86_64\eclipse\plugins\org.eclipse.justj.openjdk.hotspot.jre.full.win32.x86_64_21.0.5.v20241023-1957\jre\bin\java.dll

Deoptimization events (0 events):
No events

Classes loaded (0 events):
No events

Classes unloaded (0 events):
No events

Classes redefined (0 events):
No events

Internal exceptions (0 events):
No events

ZGC Phase Switch (0 events):
No events

VM Operations (0 events):
No events

Memory protections (0 events):
No events

Nmethod flushes (0 events):
No events

Events (0 events):
No events


Dynamic libraries:
0x00007ff6cdd40000 - 0x00007ff6cdd4e000 	C:\정처산기A 공유\eclipse-jee-2024-12-R-win32-x86_64\eclipse\plugins\org.eclipse.justj.openjdk.hotspot.jre.full.win32.x86_64_21.0.5.v20241023-1957\jre\bin\javaw.exe
0x00007ffd85650000 - 0x00007ffd85848000 	C:\WINDOWS\SYSTEM32\ntdll.dll
0x00007ffd83d60000 - 0x00007ffd83e22000 	C:\WINDOWS\System32\KERNEL32.DLL
0x00007ffd82cf0000 - 0x00007ffd82fef000 	C:\WINDOWS\System32\KERNELBASE.dll
0x00007ffd83570000 - 0x00007ffd83670000 	C:\WINDOWS\System32\ucrtbase.dll
0x00007ffd668a0000 - 0x00007ffd668b8000 	C:\정처산기A 공유\eclipse-jee-2024-12-R-win32-x86_64\eclipse\plugins\org.eclipse.justj.openjdk.hotspot.jre.full.win32.x86_64_21.0.5.v20241023-1957\jre\bin\jli.dll
0x00007ffd732c0000 - 0x00007ffd732de000 	C:\정처산기A 공유\eclipse-jee-2024-12-R-win32-x86_64\eclipse\plugins\org.eclipse.justj.openjdk.hotspot.jre.full.win32.x86_64_21.0.5.v20241023-1957\jre\bin\VCRUNTIME140.dll
0x00007ffd84b30000 - 0x00007ffd84ccd000 	C:\WINDOWS\System32\USER32.dll
0x00007ffd83220000 - 0x00007ffd83242000 	C:\WINDOWS\System32\win32u.dll
0x00007ffd84cd0000 - 0x00007ffd84cfb000 	C:\WINDOWS\System32\GDI32.dll
0x00007ffd6bff0000 - 0x00007ffd6c28a000 	C:\WINDOWS\WinSxS\amd64_microsoft.windows.common-controls_6595b64144ccf1df_6.0.19041.4355_none_60b8b9eb71f62e16\COMCTL32.dll
0x00007ffd832a0000 - 0x00007ffd833ba000 	C:\WINDOWS\System32\gdi32full.dll
0x00007ffd84a90000 - 0x00007ffd84b2e000 	C:\WINDOWS\System32\msvcrt.dll
0x00007ffd82ff0000 - 0x00007ffd8308d000 	C:\WINDOWS\System32\msvcp_win.dll
0x00007ffd84ed0000 - 0x00007ffd84eff000 	C:\WINDOWS\System32\IMM32.DLL
0x00007ffd7a610000 - 0x00007ffd7a61c000 	C:\정처산기A 공유\eclipse-jee-2024-12-R-win32-x86_64\eclipse\plugins\org.eclipse.justj.openjdk.hotspot.jre.full.win32.x86_64_21.0.5.v20241023-1957\jre\bin\vcruntime140_1.dll
0x00007ffd1bbe0000 - 0x00007ffd1bc6d000 	C:\정처산기A 공유\eclipse-jee-2024-12-R-win32-x86_64\eclipse\plugins\org.eclipse.justj.openjdk.hotspot.jre.full.win32.x86_64_21.0.5.v20241023-1957\jre\bin\msvcp140.dll
0x00007ffcfdeb0000 - 0x00007ffcfec3f000 	C:\정처산기A 공유\eclipse-jee-2024-12-R-win32-x86_64\eclipse\plugins\org.eclipse.justj.openjdk.hotspot.jre.full.win32.x86_64_21.0.5.v20241023-1957\jre\bin\server\jvm.dll
0x00007ffd84d90000 - 0x00007ffd84e3f000 	C:\WINDOWS\System32\ADVAPI32.dll
0x00007ffd85310000 - 0x00007ffd853af000 	C:\WINDOWS\System32\sechost.dll
0x00007ffd84f70000 - 0x00007ffd85093000 	C:\WINDOWS\System32\RPCRT4.dll
0x00007ffd83090000 - 0x00007ffd830b7000 	C:\WINDOWS\System32\bcrypt.dll
0x00007ffd84f00000 - 0x00007ffd84f6b000 	C:\WINDOWS\System32\WS2_32.dll
0x00007ffd82b50000 - 0x00007ffd82b9b000 	C:\WINDOWS\SYSTEM32\POWRPROF.dll
0x00007ffd614c0000 - 0x00007ffd614e7000 	C:\WINDOWS\SYSTEM32\WINMM.dll
0x00007ffd7d950000 - 0x00007ffd7d95a000 	C:\WINDOWS\SYSTEM32\VERSION.dll
0x00007ffd82b30000 - 0x00007ffd82b42000 	C:\WINDOWS\SYSTEM32\UMPDC.dll
0x00007ffd80b90000 - 0x00007ffd80ba2000 	C:\WINDOWS\SYSTEM32\kernel.appcore.dll
0x00007ffd15df0000 - 0x00007ffd15dfa000 	C:\정처산기A 공유\eclipse-jee-2024-12-R-win32-x86_64\eclipse\plugins\org.eclipse.justj.openjdk.hotspot.jre.full.win32.x86_64_21.0.5.v20241023-1957\jre\bin\jimage.dll
0x00007ffd75f40000 - 0x00007ffd76124000 	C:\WINDOWS\SYSTEM32\DBGHELP.DLL
0x00007ffd74fd0000 - 0x00007ffd75004000 	C:\WINDOWS\SYSTEM32\dbgcore.DLL
0x00007ffd83470000 - 0x00007ffd834f2000 	C:\WINDOWS\System32\bcryptPrimitives.dll
0x00007ffd15dd0000 - 0x00007ffd15def000 	C:\정처산기A 공유\eclipse-jee-2024-12-R-win32-x86_64\eclipse\plugins\org.eclipse.justj.openjdk.hotspot.jre.full.win32.x86_64_21.0.5.v20241023-1957\jre\bin\java.dll

dbghelp: loaded successfully - version: 4.0.5 - missing functions: none
symbol engine: initialized successfully - sym options: 0x614 - pdb path: .;C:\정처산기A 공유\eclipse-jee-2024-12-R-win32-x86_64\eclipse\plugins\org.eclipse.justj.openjdk.hotspot.jre.full.win32.x86_64_21.0.5.v20241023-1957\jre\bin;C:\WINDOWS\SYSTEM32;C:\WINDOWS\WinSxS\amd64_microsoft.windows.common-controls_6595b64144ccf1df_6.0.19041.4355_none_60b8b9eb71f62e16;C:\정처산기A 공유\eclipse-jee-2024-12-R-win32-x86_64\eclipse\plugins\org.eclipse.justj.openjdk.hotspot.jre.full.win32.x86_64_21.0.5.v20241023-1957\jr;C:\정처산기A 공유\eclipse-jee-2024-12-R-win32-x86_64\eclipse\plugins\org.eclipse.justj.openjdk.hotspot.jre.full.win32.x86_64_21.0.5.v20241023-1

VM Arguments:
jvm_args: -Dfile.encoding=UTF-8 -Dstdout.encoding=UTF-8 -Dstderr.encoding=UTF-8 -XX:+ShowCodeDetailsInExceptionMessages 
java_command: CH18.Ex2
java_class_path (initial): C:\정처산기A 공유\JAVA\JAVABOOK-Me\bin
Launcher Type: SUN_STANDARD

[Global flags]
     intx CICompilerCount                          = 4                                         {product} {ergonomic}
     uint ConcGCThreads                            = 3                                         {product} {ergonomic}
     uint G1ConcRefinementThreads                  = 10                                        {product} {ergonomic}
   size_t G1HeapRegionSize                         = 2097152                                   {product} {ergonomic}
    uintx GCDrainStackTargetSize                   = 64                                        {product} {ergonomic}
   size_t InitialHeapSize                          = 266338304                                 {product} {ergonomic}
   size_t MarkStackSize                            = 4194304                                   {product} {ergonomic}
   size_t MaxHeapSize                              = 4255121408                                {product} {ergonomic}
   size_t MinHeapDeltaBytes                        = 2097152                                   {product} {ergonomic}
   size_t MinHeapSize                              = 8388608                                   {product} {ergonomic}
    uintx NonNMethodCodeHeapSize                   = 5839372                                {pd product} {ergonomic}
    uintx NonProfiledCodeHeapSize                  = 122909434                              {pd product} {ergonomic}
    uintx ProfiledCodeHeapSize                     = 122909434                              {pd product} {ergonomic}
    uintx ReservedCodeCacheSize                    = 251658240                              {pd product} {ergonomic}
     bool SegmentedCodeCache                       = true                                      {product} {ergonomic}
     bool ShowCodeDetailsInExceptionMessages       = true                                   {manageable} {command line}
   size_t SoftMaxHeapSize                          = 4255121408                             {manageable} {ergonomic}
     bool UseCompressedOops                        = true                           {product lp64_product} {ergonomic}
     bool UseG1GC                                  = true                                      {product} {ergonomic}
     bool UseLargePagesIndividualAllocation        = false                                  {pd product} {ergonomic}

Logging:
Log output configuration:
 #0: stdout all=warning uptime,level,tags foldmultilines=false
 #1: stderr all=off uptime,level,tags foldmultilines=false

Environment Variables:
JAVA_HOME=C:\Program Files\Java\jdk-21
PATH=C:/정처산기A 공유/eclipse-jee-2024-12-R-win32-x86_64/eclipse//plugins/org.eclipse.justj.openjdk.hotspot.jre.full.win32.x86_64_21.0.5.v20241023-1957/jre/bin/server;C:/정처산기A 공유/eclipse-jee-2024-12-R-win32-x86_64/eclipse//plugins/org.eclipse.justj.openjdk.hotspot.jre.full.win32.x86_64_21.0.5.v20241023-1957/jre/bin;C:\Program Files\Java\jdk-21bin;C:\Program Files (x86)\VMware\VMware Workstation\bin\;C:\Program Files\Common Files\Oracle\Java\javapath;C:\WINDOWS\system32;C:\WINDOWS;C:\WINDOWS\System32\Wbem;C:\WINDOWS\System32\WindowsPowerShell\v1.0\;C:\WINDOWS\System32\OpenSSH\;C:\Program Files\dotnet\;C:\Program Files (x86)\Windows Kits\10\Windows Performance Toolkit\;C:\Program Files (x86)\Windows Kits\10\Microsoft Application Virtualization\Sequencer\;C:\Program Files\MySQL\MySQL Server 8.0\bin;C:\Program Files\PuTTY\;C:\Program Files\Git\cmd;C:\Users\Administrator\AppData\Local\Programs\Python\Launcher\;C:\Users\Administrator\AppData\Local\Microsoft\WindowsApps;C:\Users\Administrator\.dotnet\tools;C:\Users\Administrator\AppData\Local\Programs\Microsoft VS Code\bin;C:\python\PyCharm Community Edition 2024.3.4\bin;;C:\정처산기A 공유\eclipse-jee-2024-12-R-win32-x86_64\eclipse;
USERNAME=Administrator
OS=Windows_NT
PROCESSOR_IDENTIFIER=Intel64 Family 6 Model 158 Stepping 10, GenuineIntel
TMP=C:\Users\ADMINI~1\AppData\Local\Temp
TEMP=C:\Users\ADMINI~1\AppData\Local\Temp




Periodic native trim disabled

---------------  S Y S T E M  ---------------

OS:
 Windows 10 , 64 bit Build 19041 (10.0.19041.5438)
OS uptime: 0 days 6:11 hours

CPU: total 12 (initial active 12) (6 cores per cpu, 2 threads per core) family 6 model 158 stepping 10 microcode 0xb4, cx8, cmov, fxsr, ht, mmx, 3dnowpref, sse, sse2, sse3, ssse3, sse4.1, sse4.2, popcnt, lzcnt, tsc, tscinvbit, avx, avx2, aes, erms, clmul, bmi1, bmi2, rtm, adx, fma, vzeroupper, clflush, clflushopt, rdtscp, f16c
Processor Information for all 12 processors :
  Max Mhz: 3192, Current Mhz: 3192, Mhz Limit: 3192

Memory: 4k page, system-wide physical 16229M (6832M free)
TotalPageFile size 65259M (AvailPageFile size 218M)
current process WorkingSet (physical memory assigned to process): 10M, peak: 10M
current process commit charge ("private bytes"): 64M, peak: 318M

vm_info: OpenJDK 64-Bit Server VM (21.0.5+11-LTS) for windows-amd64 JRE (21.0.5+11-LTS), built on 2024-10-15T00:00:00Z by "admin" with MS VC++ 17.7 (VS2022)

END.
